[0.204s] DEBUG:colcon:Command line arguments: ['/usr/bin/colcon', 'build']
[0.204s] DEBUG:colcon:Parsed command line arguments: Namespace(allow_overriding=[], ament_cmake_args=None, base_paths=['.'], build_base='build', catkin_cmake_args=None, catkin_skip_building_tests=False, cmake_args=None, cmake_clean_cache=False, cmake_clean_first=False, cmake_force_configure=False, cmake_target=None, cmake_target_skip_unavailable=False, continue_on_error=False, event_handlers=None, executor='parallel', ignore_user_meta=False, install_base='install', log_base=None, log_level=None, main=<bound method BuildVerb.main of <colcon_core.verb.build.BuildVerb object at 0x7f2f66fdeb80>>, merge_install=False, metas=['./colcon.meta'], packages_above=None, packages_above_and_dependencies=None, packages_above_depth=None, packages_end=None, packages_ignore=None, packages_ignore_regex=None, packages_select=None, packages_select_build_failed=False, packages_select_by_dep=None, packages_select_regex=None, packages_select_test_failures=False, packages_skip=None, packages_skip_build_finished=False, packages_skip_by_dep=None, packages_skip_regex=None, packages_skip_test_passed=False, packages_skip_up_to=None, packages_start=None, packages_up_to=None, packages_up_to_regex=None, parallel_workers=16, paths=None, symlink_install=False, test_result_base=None, verb_extension=<colcon_core.verb.build.BuildVerb object at 0x7f2f66fdeb80>, verb_name='build', verb_parser=<colcon_defaults.argument_parser.defaults.DefaultArgumentsDecorator object at 0x7f2f66eae340>)
[0.280s] Level 1:colcon.colcon_core.package_discovery:discover_packages(colcon_meta) check parameters
[0.280s] Level 1:colcon.colcon_core.package_discovery:discover_packages(recursive) check parameters
[0.280s] Level 1:colcon.colcon_core.package_discovery:discover_packages(ignore) check parameters
[0.280s] Level 1:colcon.colcon_core.package_discovery:discover_packages(path) check parameters
[0.280s] Level 1:colcon.colcon_core.package_discovery:discover_packages(colcon_meta) discover
[0.280s] Level 1:colcon.colcon_core.package_discovery:discover_packages(recursive) discover
[0.280s] INFO:colcon.colcon_core.package_discovery:Crawling recursively for packages in '/home/mekhyw/amr_ws'
[0.280s] Level 1:colcon.colcon_core.package_identification:_identify(.) by extensions ['ignore', 'ignore_ament_install']
[0.281s] Level 1:colcon.colcon_core.package_identification:_identify(.) by extension 'ignore'
[0.281s] Level 1:colcon.colcon_core.package_identification:_identify(.) by extension 'ignore_ament_install'
[0.281s] Level 1:colcon.colcon_core.package_identification:_identify(.) by extensions ['colcon_pkg']
[0.281s] Level 1:colcon.colcon_core.package_identification:_identify(.) by extension 'colcon_pkg'
[0.281s] Level 1:colcon.colcon_core.package_identification:_identify(.) by extensions ['colcon_meta']
[0.281s] Level 1:colcon.colcon_core.package_identification:_identify(.) by extension 'colcon_meta'
[0.281s] Level 1:colcon.colcon_core.package_identification:_identify(.) by extensions ['ros']
[0.281s] Level 1:colcon.colcon_core.package_identification:_identify(.) by extension 'ros'
[0.288s] Level 1:colcon.colcon_core.package_identification:_identify(.) by extensions ['cmake', 'python']
[0.288s] Level 1:colcon.colcon_core.package_identification:_identify(.) by extension 'cmake'
[0.288s] Level 1:colcon.colcon_core.package_identification:_identify(.) by extension 'python'
[0.288s] Level 1:colcon.colcon_core.package_identification:_identify(.) by extensions ['python_setup_py']
[0.288s] Level 1:colcon.colcon_core.package_identification:_identify(.) by extension 'python_setup_py'
[0.288s] Level 1:colcon.colcon_core.package_identification:_identify(build) by extensions ['ignore', 'ignore_ament_install']
[0.288s] Level 1:colcon.colcon_core.package_identification:_identify(build) by extension 'ignore'
[0.288s] Level 1:colcon.colcon_core.package_identification:_identify(build) ignored
[0.288s] Level 1:colcon.colcon_core.package_identification:_identify(install) by extensions ['ignore', 'ignore_ament_install']
[0.288s] Level 1:colcon.colcon_core.package_identification:_identify(install) by extension 'ignore'
[0.288s] Level 1:colcon.colcon_core.package_identification:_identify(install) ignored
[0.288s] Level 1:colcon.colcon_core.package_identification:_identify(log) by extensions ['ignore', 'ignore_ament_install']
[0.288s] Level 1:colcon.colcon_core.package_identification:_identify(log) by extension 'ignore'
[0.288s] Level 1:colcon.colcon_core.package_identification:_identify(log) ignored
[0.288s] Level 1:colcon.colcon_core.package_identification:_identify(src) by extensions ['ignore', 'ignore_ament_install']
[0.288s] Level 1:colcon.colcon_core.package_identification:_identify(src) by extension 'ignore'
[0.288s] Level 1:colcon.colcon_core.package_identification:_identify(src) by extension 'ignore_ament_install'
[0.288s] Level 1:colcon.colcon_core.package_identification:_identify(src) by extensions ['colcon_pkg']
[0.288s] Level 1:colcon.colcon_core.package_identification:_identify(src) by extension 'colcon_pkg'
[0.288s] Level 1:colcon.colcon_core.package_identification:_identify(src) by extensions ['colcon_meta']
[0.288s] Level 1:colcon.colcon_core.package_identification:_identify(src) by extension 'colcon_meta'
[0.288s] Level 1:colcon.colcon_core.package_identification:_identify(src) by extensions ['ros']
[0.288s] Level 1:colcon.colcon_core.package_identification:_identify(src) by extension 'ros'
[0.288s] Level 1:colcon.colcon_core.package_identification:_identify(src) by extensions ['cmake', 'python']
[0.288s] Level 1:colcon.colcon_core.package_identification:_identify(src) by extension 'cmake'
[0.288s] Level 1:colcon.colcon_core.package_identification:_identify(src) by extension 'python'
[0.288s] Level 1:colcon.colcon_core.package_identification:_identify(src) by extensions ['python_setup_py']
[0.289s] Level 1:colcon.colcon_core.package_identification:_identify(src) by extension 'python_setup_py'
[0.289s] Level 1:colcon.colcon_core.package_identification:_identify(src/build) by extensions ['ignore', 'ignore_ament_install']
[0.289s] Level 1:colcon.colcon_core.package_identification:_identify(src/build) by extension 'ignore'
[0.289s] Level 1:colcon.colcon_core.package_identification:_identify(src/build) ignored
[0.289s] Level 1:colcon.colcon_core.package_identification:_identify(src/differential) by extensions ['ignore', 'ignore_ament_install']
[0.289s] Level 1:colcon.colcon_core.package_identification:_identify(src/differential) by extension 'ignore'
[0.289s] Level 1:colcon.colcon_core.package_identification:_identify(src/differential) by extension 'ignore_ament_install'
[0.289s] Level 1:colcon.colcon_core.package_identification:_identify(src/differential) by extensions ['colcon_pkg']
[0.289s] Level 1:colcon.colcon_core.package_identification:_identify(src/differential) by extension 'colcon_pkg'
[0.289s] Level 1:colcon.colcon_core.package_identification:_identify(src/differential) by extensions ['colcon_meta']
[0.289s] Level 1:colcon.colcon_core.package_identification:_identify(src/differential) by extension 'colcon_meta'
[0.289s] Level 1:colcon.colcon_core.package_identification:_identify(src/differential) by extensions ['ros']
[0.289s] Level 1:colcon.colcon_core.package_identification:_identify(src/differential) by extension 'ros'
[0.290s] DEBUG:colcon.colcon_core.package_identification:Package 'src/differential' with type 'ros.ament_cmake' and name 'differential'
[0.291s] Level 1:colcon.colcon_core.package_identification:_identify(src/install) by extensions ['ignore', 'ignore_ament_install']
[0.291s] Level 1:colcon.colcon_core.package_identification:_identify(src/install) by extension 'ignore'
[0.291s] Level 1:colcon.colcon_core.package_identification:_identify(src/install) ignored
[0.291s] Level 1:colcon.colcon_core.package_identification:_identify(src/log) by extensions ['ignore', 'ignore_ament_install']
[0.291s] Level 1:colcon.colcon_core.package_identification:_identify(src/log) by extension 'ignore'
[0.291s] Level 1:colcon.colcon_core.package_identification:_identify(src/log) ignored
[0.291s] Level 1:colcon.colcon_core.package_identification:_identify(src/robot_description) by extensions ['ignore', 'ignore_ament_install']
[0.291s] Level 1:colcon.colcon_core.package_identification:_identify(src/robot_description) by extension 'ignore'
[0.291s] Level 1:colcon.colcon_core.package_identification:_identify(src/robot_description) by extension 'ignore_ament_install'
[0.291s] Level 1:colcon.colcon_core.package_identification:_identify(src/robot_description) by extensions ['colcon_pkg']
[0.291s] Level 1:colcon.colcon_core.package_identification:_identify(src/robot_description) by extension 'colcon_pkg'
[0.291s] Level 1:colcon.colcon_core.package_identification:_identify(src/robot_description) by extensions ['colcon_meta']
[0.291s] Level 1:colcon.colcon_core.package_identification:_identify(src/robot_description) by extension 'colcon_meta'
[0.291s] Level 1:colcon.colcon_core.package_identification:_identify(src/robot_description) by extensions ['ros']
[0.291s] Level 1:colcon.colcon_core.package_identification:_identify(src/robot_description) by extension 'ros'
[0.292s] DEBUG:colcon.colcon_core.package_identification:Package 'src/robot_description' with type 'ros.ament_cmake' and name 'robot_description'
[0.292s] Level 1:colcon.colcon_core.package_discovery:discover_packages(recursive) using defaults
[0.292s] Level 1:colcon.colcon_core.package_discovery:discover_packages(ignore) discover
[0.292s] Level 1:colcon.colcon_core.package_discovery:discover_packages(ignore) using defaults
[0.292s] Level 1:colcon.colcon_core.package_discovery:discover_packages(path) discover
[0.292s] Level 1:colcon.colcon_core.package_discovery:discover_packages(path) using defaults
[0.304s] Level 1:colcon.colcon_core.package_discovery:discover_packages(prefix_path) check parameters
[0.304s] Level 1:colcon.colcon_core.package_discovery:discover_packages(prefix_path) discover
[0.305s] DEBUG:colcon.colcon_installed_package_information.package_discovery:Found 264 installed packages in /opt/ros/foxy
[0.306s] Level 1:colcon.colcon_core.package_discovery:discover_packages(prefix_path) using defaults
[0.345s] Level 5:colcon.colcon_core.verb:set package 'differential' build argument 'cmake_args' from command line to 'None'
[0.345s] Level 5:colcon.colcon_core.verb:set package 'differential' build argument 'cmake_target' from command line to 'None'
[0.345s] Level 5:colcon.colcon_core.verb:set package 'differential' build argument 'cmake_target_skip_unavailable' from command line to 'False'
[0.345s] Level 5:colcon.colcon_core.verb:set package 'differential' build argument 'cmake_clean_cache' from command line to 'False'
[0.345s] Level 5:colcon.colcon_core.verb:set package 'differential' build argument 'cmake_clean_first' from command line to 'False'
[0.345s] Level 5:colcon.colcon_core.verb:set package 'differential' build argument 'cmake_force_configure' from command line to 'False'
[0.345s] Level 5:colcon.colcon_core.verb:set package 'differential' build argument 'ament_cmake_args' from command line to 'None'
[0.345s] Level 5:colcon.colcon_core.verb:set package 'differential' build argument 'catkin_cmake_args' from command line to 'None'
[0.345s] Level 5:colcon.colcon_core.verb:set package 'differential' build argument 'catkin_skip_building_tests' from command line to 'False'
[0.345s] DEBUG:colcon.colcon_core.verb:Building package 'differential' with the following arguments: {'ament_cmake_args': None, 'build_base': '/home/mekhyw/amr_ws/build/differential', 'catkin_cmake_args': None, 'catkin_skip_building_tests': False, 'cmake_args': None, 'cmake_clean_cache': False, 'cmake_clean_first': False, 'cmake_force_configure': False, 'cmake_target': None, 'cmake_target_skip_unavailable': False, 'install_base': '/home/mekhyw/amr_ws/install/differential', 'merge_install': False, 'path': '/home/mekhyw/amr_ws/src/differential', 'symlink_install': False, 'test_result_base': None}
[0.345s] Level 5:colcon.colcon_core.verb:set package 'robot_description' build argument 'cmake_args' from command line to 'None'
[0.345s] Level 5:colcon.colcon_core.verb:set package 'robot_description' build argument 'cmake_target' from command line to 'None'
[0.345s] Level 5:colcon.colcon_core.verb:set package 'robot_description' build argument 'cmake_target_skip_unavailable' from command line to 'False'
[0.345s] Level 5:colcon.colcon_core.verb:set package 'robot_description' build argument 'cmake_clean_cache' from command line to 'False'
[0.345s] Level 5:colcon.colcon_core.verb:set package 'robot_description' build argument 'cmake_clean_first' from command line to 'False'
[0.345s] Level 5:colcon.colcon_core.verb:set package 'robot_description' build argument 'cmake_force_configure' from command line to 'False'
[0.345s] Level 5:colcon.colcon_core.verb:set package 'robot_description' build argument 'ament_cmake_args' from command line to 'None'
[0.345s] Level 5:colcon.colcon_core.verb:set package 'robot_description' build argument 'catkin_cmake_args' from command line to 'None'
[0.345s] Level 5:colcon.colcon_core.verb:set package 'robot_description' build argument 'catkin_skip_building_tests' from command line to 'False'
[0.346s] DEBUG:colcon.colcon_core.verb:Building package 'robot_description' with the following arguments: {'ament_cmake_args': None, 'build_base': '/home/mekhyw/amr_ws/build/robot_description', 'catkin_cmake_args': None, 'catkin_skip_building_tests': False, 'cmake_args': None, 'cmake_clean_cache': False, 'cmake_clean_first': False, 'cmake_force_configure': False, 'cmake_target': None, 'cmake_target_skip_unavailable': False, 'install_base': '/home/mekhyw/amr_ws/install/robot_description', 'merge_install': False, 'path': '/home/mekhyw/amr_ws/src/robot_description', 'symlink_install': False, 'test_result_base': None}
[0.346s] INFO:colcon.colcon_core.executor:Executing jobs using 'parallel' executor
[0.347s] DEBUG:colcon.colcon_parallel_executor.executor.parallel:run_until_complete
[0.347s] INFO:colcon.colcon_ros.task.ament_cmake.build:Building ROS package in '/home/mekhyw/amr_ws/src/differential' with build type 'ament_cmake'
[0.347s] INFO:colcon.colcon_cmake.task.cmake.build:Building CMake package in '/home/mekhyw/amr_ws/src/differential'
[0.350s] INFO:colcon.colcon_core.plugin_system:Skipping extension 'colcon_core.shell.bat': Not used on non-Windows systems
[0.350s] INFO:colcon.colcon_core.shell:Skip shell extension 'powershell' for command environment: Not usable outside of PowerShell
[0.350s] DEBUG:colcon.colcon_core.shell:Skip shell extension 'dsv' for command environment
[0.353s] INFO:colcon.colcon_ros.task.ament_cmake.build:Building ROS package in '/home/mekhyw/amr_ws/src/robot_description' with build type 'ament_cmake'
[0.353s] INFO:colcon.colcon_cmake.task.cmake.build:Building CMake package in '/home/mekhyw/amr_ws/src/robot_description'
[0.354s] INFO:colcon.colcon_core.shell:Skip shell extension 'powershell' for command environment: Not usable outside of PowerShell
[0.354s] DEBUG:colcon.colcon_core.shell:Skip shell extension 'dsv' for command environment
[0.363s] DEBUG:colcon.colcon_core.event_handler.log_command:Invoking command in '/home/mekhyw/amr_ws/build/differential': CMAKE_PREFIX_PATH=/opt/ros/foxy /usr/bin/cmake /home/mekhyw/amr_ws/src/differential -DCMAKE_INSTALL_PREFIX=/home/mekhyw/amr_ws/install/differential
[0.369s] DEBUG:colcon.colcon_core.event_handler.log_command:Invoking command in '/home/mekhyw/amr_ws/build/robot_description': CMAKE_PREFIX_PATH=/opt/ros/foxy /usr/bin/cmake --build /home/mekhyw/amr_ws/build/robot_description -- -j16 -l16
[0.394s] DEBUG:colcon.colcon_core.event_handler.log_command:Invoked command in '/home/mekhyw/amr_ws/build/robot_description' returned '0': CMAKE_PREFIX_PATH=/opt/ros/foxy /usr/bin/cmake --build /home/mekhyw/amr_ws/build/robot_description -- -j16 -l16
[0.403s] DEBUG:colcon.colcon_core.event_handler.log_command:Invoking command in '/home/mekhyw/amr_ws/build/robot_description': CMAKE_PREFIX_PATH=/opt/ros/foxy /usr/bin/cmake --install /home/mekhyw/amr_ws/build/robot_description
[0.413s] Level 1:colcon.colcon_core.environment:create_environment_scripts_only(robot_description)
[0.414s] DEBUG:colcon.colcon_core.event_handler.log_command:Invoked command in '/home/mekhyw/amr_ws/build/robot_description' returned '0': CMAKE_PREFIX_PATH=/opt/ros/foxy /usr/bin/cmake --install /home/mekhyw/amr_ws/build/robot_description
[0.415s] Level 1:colcon.colcon_core.environment:checking '/home/mekhyw/amr_ws/install/robot_description' for CMake module files
[0.415s] Level 1:colcon.colcon_core.environment:checking '/home/mekhyw/amr_ws/install/robot_description' for CMake config files
[0.415s] Level 1:colcon.colcon_core.shell:create_environment_hook('robot_description', 'cmake_prefix_path')
[0.415s] INFO:colcon.colcon_core.shell:Creating environment hook '/home/mekhyw/amr_ws/install/robot_description/share/robot_description/hook/cmake_prefix_path.ps1'
[0.416s] INFO:colcon.colcon_core.shell:Creating environment descriptor '/home/mekhyw/amr_ws/install/robot_description/share/robot_description/hook/cmake_prefix_path.dsv'
[0.416s] INFO:colcon.colcon_core.shell:Creating environment hook '/home/mekhyw/amr_ws/install/robot_description/share/robot_description/hook/cmake_prefix_path.sh'
[0.417s] Level 1:colcon.colcon_core.environment:checking '/home/mekhyw/amr_ws/install/robot_description/bin'
[0.417s] Level 1:colcon.colcon_core.environment:checking '/home/mekhyw/amr_ws/install/robot_description/lib/pkgconfig/robot_description.pc'
[0.417s] Level 1:colcon.colcon_core.environment:checking '/home/mekhyw/amr_ws/install/robot_description/lib/python3.8/site-packages'
[0.417s] Level 1:colcon.colcon_core.environment:checking '/home/mekhyw/amr_ws/install/robot_description/bin'
[0.417s] INFO:colcon.colcon_core.shell:Creating package script '/home/mekhyw/amr_ws/install/robot_description/share/robot_description/package.ps1'
[0.418s] INFO:colcon.colcon_core.shell:Creating package descriptor '/home/mekhyw/amr_ws/install/robot_description/share/robot_description/package.dsv'
[0.418s] INFO:colcon.colcon_core.shell:Creating package script '/home/mekhyw/amr_ws/install/robot_description/share/robot_description/package.sh'
[0.419s] INFO:colcon.colcon_core.shell:Creating package script '/home/mekhyw/amr_ws/install/robot_description/share/robot_description/package.bash'
[0.419s] INFO:colcon.colcon_core.shell:Creating package script '/home/mekhyw/amr_ws/install/robot_description/share/robot_description/package.zsh'
[0.419s] Level 1:colcon.colcon_core.environment:create_file_with_runtime_dependencies(/home/mekhyw/amr_ws/install/robot_description/share/colcon-core/packages/robot_description)
[0.420s] Level 1:colcon.colcon_core.environment:create_environment_scripts_only(robot_description)
[0.420s] Level 1:colcon.colcon_core.environment:checking '/home/mekhyw/amr_ws/install/robot_description' for CMake module files
[0.420s] Level 1:colcon.colcon_core.environment:checking '/home/mekhyw/amr_ws/install/robot_description' for CMake config files
[0.420s] Level 1:colcon.colcon_core.shell:create_environment_hook('robot_description', 'cmake_prefix_path')
[0.420s] INFO:colcon.colcon_core.shell:Creating environment hook '/home/mekhyw/amr_ws/install/robot_description/share/robot_description/hook/cmake_prefix_path.ps1'
[0.420s] INFO:colcon.colcon_core.shell:Creating environment descriptor '/home/mekhyw/amr_ws/install/robot_description/share/robot_description/hook/cmake_prefix_path.dsv'
[0.421s] INFO:colcon.colcon_core.shell:Creating environment hook '/home/mekhyw/amr_ws/install/robot_description/share/robot_description/hook/cmake_prefix_path.sh'
[0.421s] Level 1:colcon.colcon_core.environment:checking '/home/mekhyw/amr_ws/install/robot_description/bin'
[0.421s] Level 1:colcon.colcon_core.environment:checking '/home/mekhyw/amr_ws/install/robot_description/lib/pkgconfig/robot_description.pc'
[0.421s] Level 1:colcon.colcon_core.environment:checking '/home/mekhyw/amr_ws/install/robot_description/lib/python3.8/site-packages'
[0.421s] Level 1:colcon.colcon_core.environment:checking '/home/mekhyw/amr_ws/install/robot_description/bin'
[0.422s] INFO:colcon.colcon_core.shell:Creating package script '/home/mekhyw/amr_ws/install/robot_description/share/robot_description/package.ps1'
[0.422s] INFO:colcon.colcon_core.shell:Creating package descriptor '/home/mekhyw/amr_ws/install/robot_description/share/robot_description/package.dsv'
[0.422s] INFO:colcon.colcon_core.shell:Creating package script '/home/mekhyw/amr_ws/install/robot_description/share/robot_description/package.sh'
[0.422s] INFO:colcon.colcon_core.shell:Creating package script '/home/mekhyw/amr_ws/install/robot_description/share/robot_description/package.bash'
[0.423s] INFO:colcon.colcon_core.shell:Creating package script '/home/mekhyw/amr_ws/install/robot_description/share/robot_description/package.zsh'
[0.423s] Level 1:colcon.colcon_core.environment:create_file_with_runtime_dependencies(/home/mekhyw/amr_ws/install/robot_description/share/colcon-core/packages/robot_description)
[1.541s] DEBUG:colcon.colcon_core.event_handler.log_command:Invoked command in '/home/mekhyw/amr_ws/build/differential' returned '0': CMAKE_PREFIX_PATH=/opt/ros/foxy /usr/bin/cmake /home/mekhyw/amr_ws/src/differential -DCMAKE_INSTALL_PREFIX=/home/mekhyw/amr_ws/install/differential
[1.543s] DEBUG:colcon.colcon_core.event_handler.log_command:Invoking command in '/home/mekhyw/amr_ws/build/differential': CMAKE_PREFIX_PATH=/opt/ros/foxy /usr/bin/cmake --build /home/mekhyw/amr_ws/build/differential -- -j16 -l16
[1.569s] DEBUG:colcon.colcon_core.event_handler.log_command:Invoked command in '/home/mekhyw/amr_ws/build/differential' returned '0': CMAKE_PREFIX_PATH=/opt/ros/foxy /usr/bin/cmake --build /home/mekhyw/amr_ws/build/differential -- -j16 -l16
[1.570s] DEBUG:colcon.colcon_core.event_handler.log_command:Invoking command in '/home/mekhyw/amr_ws/build/differential': CMAKE_PREFIX_PATH=/opt/ros/foxy /usr/bin/cmake --install /home/mekhyw/amr_ws/build/differential
[1.577s] Level 1:colcon.colcon_core.environment:create_environment_scripts_only(differential)
[1.577s] Level 1:colcon.colcon_core.environment:checking '/home/mekhyw/amr_ws/install/differential' for CMake module files
[1.578s] DEBUG:colcon.colcon_core.event_handler.log_command:Invoked command in '/home/mekhyw/amr_ws/build/differential' returned '0': CMAKE_PREFIX_PATH=/opt/ros/foxy /usr/bin/cmake --install /home/mekhyw/amr_ws/build/differential
[1.578s] Level 1:colcon.colcon_core.environment:checking '/home/mekhyw/amr_ws/install/differential' for CMake config files
[1.578s] Level 1:colcon.colcon_core.shell:create_environment_hook('differential', 'cmake_prefix_path')
[1.578s] INFO:colcon.colcon_core.shell:Creating environment hook '/home/mekhyw/amr_ws/install/differential/share/differential/hook/cmake_prefix_path.ps1'
[1.578s] INFO:colcon.colcon_core.shell:Creating environment descriptor '/home/mekhyw/amr_ws/install/differential/share/differential/hook/cmake_prefix_path.dsv'
[1.579s] INFO:colcon.colcon_core.shell:Creating environment hook '/home/mekhyw/amr_ws/install/differential/share/differential/hook/cmake_prefix_path.sh'
[1.579s] Level 1:colcon.colcon_core.environment:checking '/home/mekhyw/amr_ws/install/differential/bin'
[1.579s] Level 1:colcon.colcon_core.environment:checking '/home/mekhyw/amr_ws/install/differential/lib/pkgconfig/differential.pc'
[1.579s] Level 1:colcon.colcon_core.environment:checking '/home/mekhyw/amr_ws/install/differential/lib/python3.8/site-packages'
[1.579s] Level 1:colcon.colcon_core.environment:checking '/home/mekhyw/amr_ws/install/differential/bin'
[1.579s] INFO:colcon.colcon_core.shell:Creating package script '/home/mekhyw/amr_ws/install/differential/share/differential/package.ps1'
[1.580s] INFO:colcon.colcon_core.shell:Creating package descriptor '/home/mekhyw/amr_ws/install/differential/share/differential/package.dsv'
[1.580s] INFO:colcon.colcon_core.shell:Creating package script '/home/mekhyw/amr_ws/install/differential/share/differential/package.sh'
[1.580s] INFO:colcon.colcon_core.shell:Creating package script '/home/mekhyw/amr_ws/install/differential/share/differential/package.bash'
[1.580s] INFO:colcon.colcon_core.shell:Creating package script '/home/mekhyw/amr_ws/install/differential/share/differential/package.zsh'
[1.581s] Level 1:colcon.colcon_core.environment:create_file_with_runtime_dependencies(/home/mekhyw/amr_ws/install/differential/share/colcon-core/packages/differential)
[1.581s] Level 1:colcon.colcon_core.environment:create_environment_scripts_only(differential)
[1.581s] Level 1:colcon.colcon_core.environment:checking '/home/mekhyw/amr_ws/install/differential' for CMake module files
[1.581s] Level 1:colcon.colcon_core.environment:checking '/home/mekhyw/amr_ws/install/differential' for CMake config files
[1.581s] Level 1:colcon.colcon_core.shell:create_environment_hook('differential', 'cmake_prefix_path')
[1.581s] INFO:colcon.colcon_core.shell:Creating environment hook '/home/mekhyw/amr_ws/install/differential/share/differential/hook/cmake_prefix_path.ps1'
[1.582s] INFO:colcon.colcon_core.shell:Creating environment descriptor '/home/mekhyw/amr_ws/install/differential/share/differential/hook/cmake_prefix_path.dsv'
[1.582s] INFO:colcon.colcon_core.shell:Creating environment hook '/home/mekhyw/amr_ws/install/differential/share/differential/hook/cmake_prefix_path.sh'
[1.582s] Level 1:colcon.colcon_core.environment:checking '/home/mekhyw/amr_ws/install/differential/bin'
[1.582s] Level 1:colcon.colcon_core.environment:checking '/home/mekhyw/amr_ws/install/differential/lib/pkgconfig/differential.pc'
[1.582s] Level 1:colcon.colcon_core.environment:checking '/home/mekhyw/amr_ws/install/differential/lib/python3.8/site-packages'
[1.582s] Level 1:colcon.colcon_core.environment:checking '/home/mekhyw/amr_ws/install/differential/bin'
[1.583s] INFO:colcon.colcon_core.shell:Creating package script '/home/mekhyw/amr_ws/install/differential/share/differential/package.ps1'
[1.583s] INFO:colcon.colcon_core.shell:Creating package descriptor '/home/mekhyw/amr_ws/install/differential/share/differential/package.dsv'
[1.583s] INFO:colcon.colcon_core.shell:Creating package script '/home/mekhyw/amr_ws/install/differential/share/differential/package.sh'
[1.583s] INFO:colcon.colcon_core.shell:Creating package script '/home/mekhyw/amr_ws/install/differential/share/differential/package.bash'
[1.583s] INFO:colcon.colcon_core.shell:Creating package script '/home/mekhyw/amr_ws/install/differential/share/differential/package.zsh'
[1.584s] Level 1:colcon.colcon_core.environment:create_file_with_runtime_dependencies(/home/mekhyw/amr_ws/install/differential/share/colcon-core/packages/differential)
[1.584s] DEBUG:colcon.colcon_parallel_executor.executor.parallel:closing loop
[1.584s] DEBUG:colcon.colcon_parallel_executor.executor.parallel:loop closed
[1.585s] DEBUG:colcon.colcon_parallel_executor.executor.parallel:run_until_complete finished with '0'
[1.585s] DEBUG:colcon.colcon_core.event_reactor:joining thread
[1.690s] INFO:colcon.colcon_core.plugin_system:Skipping extension 'colcon_notification.desktop_notification.notify_send': Could not find 'notify-send'
[1.690s] INFO:colcon.colcon_core.plugin_system:Skipping extension 'colcon_notification.desktop_notification.terminal_notifier': Not used on non-Darwin systems
[1.690s] INFO:colcon.colcon_core.plugin_system:Skipping extension 'colcon_notification.desktop_notification.win32': Not used on non-Windows systems
[1.690s] INFO:colcon.colcon_notification.desktop_notification:Sending desktop notification using 'notify2'
[1.691s] DEBUG:colcon.colcon_notification.desktop_notification.notify2:Failed to initialize notify2: org.freedesktop.DBus.Error.ServiceUnknown: The name org.freedesktop.Notifications was not provided by any .service files
[1.691s] DEBUG:colcon.colcon_core.event_reactor:joined thread
[1.691s] INFO:colcon.colcon_core.shell:Creating prefix script '/home/mekhyw/amr_ws/install/local_setup.ps1'
[1.692s] INFO:colcon.colcon_core.shell:Creating prefix util module '/home/mekhyw/amr_ws/install/_local_setup_util_ps1.py'
[1.692s] INFO:colcon.colcon_core.shell:Creating prefix chain script '/home/mekhyw/amr_ws/install/setup.ps1'
[1.693s] INFO:colcon.colcon_core.shell:Creating prefix script '/home/mekhyw/amr_ws/install/local_setup.sh'
[1.693s] INFO:colcon.colcon_core.shell:Creating prefix util module '/home/mekhyw/amr_ws/install/_local_setup_util_sh.py'
[1.693s] INFO:colcon.colcon_core.shell:Creating prefix chain script '/home/mekhyw/amr_ws/install/setup.sh'
[1.694s] INFO:colcon.colcon_core.shell:Creating prefix script '/home/mekhyw/amr_ws/install/local_setup.bash'
[1.694s] INFO:colcon.colcon_core.shell:Creating prefix chain script '/home/mekhyw/amr_ws/install/setup.bash'
[1.695s] INFO:colcon.colcon_core.shell:Creating prefix script '/home/mekhyw/amr_ws/install/local_setup.zsh'
[1.695s] INFO:colcon.colcon_core.shell:Creating prefix chain script '/home/mekhyw/amr_ws/install/setup.zsh'
