[0.015s] Invoking command in '/home/mekhyw/amr_ws/build/differential': CMAKE_PREFIX_PATH=/opt/ros/foxy /usr/bin/cmake /home/mekhyw/amr_ws/src/differential -DCMAKE_INSTALL_PREFIX=/home/mekhyw/amr_ws/install/differential
[0.026s] -- Found ament_cmake: 0.9.12 (/opt/ros/foxy/share/ament_cmake/cmake)
[0.041s] -- Using PYTHON_EXECUTABLE: /usr/bin/python3
[0.152s] -- Found urdf: 2.4.0 (/opt/ros/foxy/share/urdf/cmake)
[1.143s] -- Found xacro: 2.0.7 (/opt/ros/foxy/share/xacro/cmake)
[1.144s] -- Found ament_lint_auto: 0.9.8 (/opt/ros/foxy/share/ament_lint_auto/cmake)
[1.184s] -- Added test 'copyright' to check source files copyright and LICENSE
[1.185s] -- Added test 'flake8' to check Python code syntax and style conventions
[1.186s] -- Added test 'lint_cmake' to check CMake code style
[1.186s] -- Added test 'pep257' to check Python code against some of the style conventions in PEP 257
[1.187s] -- Added test 'xmllint' to check XML markup files
[1.188s] -- Configuring done
[1.189s] -- Generating done
[1.191s] -- Build files have been written to: /home/mekhyw/amr_ws/build/differential
[1.193s] Invoked command in '/home/mekhyw/amr_ws/build/differential' returned '0': CMAKE_PREFIX_PATH=/opt/ros/foxy /usr/bin/cmake /home/mekhyw/amr_ws/src/differential -DCMAKE_INSTALL_PREFIX=/home/mekhyw/amr_ws/install/differential
[1.195s] Invoking command in '/home/mekhyw/amr_ws/build/differential': CMAKE_PREFIX_PATH=/opt/ros/foxy /usr/bin/cmake --build /home/mekhyw/amr_ws/build/differential -- -j16 -l16
[1.220s] Invoked command in '/home/mekhyw/amr_ws/build/differential' returned '0': CMAKE_PREFIX_PATH=/opt/ros/foxy /usr/bin/cmake --build /home/mekhyw/amr_ws/build/differential -- -j16 -l16
[1.222s] Invoking command in '/home/mekhyw/amr_ws/build/differential': CMAKE_PREFIX_PATH=/opt/ros/foxy /usr/bin/cmake --install /home/mekhyw/amr_ws/build/differential
[1.226s] -- Install configuration: ""
[1.226s] -- Installing: /home/mekhyw/amr_ws/install/differential/share/differential//urdf
[1.226s] -- Installing: /home/mekhyw/amr_ws/install/differential/share/differential//urdf/exemplo1.urdf
[1.227s] -- Installing: /home/mekhyw/amr_ws/install/differential/share/differential//urdf/exemplo2.xacro
[1.227s] -- Installing: /home/mekhyw/amr_ws/install/differential/share/differential//urdf/exemplo2_arm.xacro
[1.227s] -- Installing: /home/mekhyw/amr_ws/install/differential/share/differential//launch
[1.227s] -- Installing: /home/mekhyw/amr_ws/install/differential/share/differential//launch/exemplo1.launch.py
[1.227s] -- Installing: /home/mekhyw/amr_ws/install/differential/share/differential//launch/exemplo2.launch.py
[1.227s] -- Installing: /home/mekhyw/amr_ws/install/differential/share/ament_index/resource_index/package_run_dependencies/differential
[1.227s] -- Installing: /home/mekhyw/amr_ws/install/differential/share/ament_index/resource_index/parent_prefix_path/differential
[1.227s] -- Installing: /home/mekhyw/amr_ws/install/differential/share/differential/environment/ament_prefix_path.sh
[1.227s] -- Installing: /home/mekhyw/amr_ws/install/differential/share/differential/environment/ament_prefix_path.dsv
[1.227s] -- Installing: /home/mekhyw/amr_ws/install/differential/share/differential/environment/path.sh
[1.227s] -- Installing: /home/mekhyw/amr_ws/install/differential/share/differential/environment/path.dsv
[1.228s] -- Installing: /home/mekhyw/amr_ws/install/differential/share/differential/local_setup.bash
[1.228s] -- Installing: /home/mekhyw/amr_ws/install/differential/share/differential/local_setup.sh
[1.228s] -- Installing: /home/mekhyw/amr_ws/install/differential/share/differential/local_setup.zsh
[1.228s] -- Installing: /home/mekhyw/amr_ws/install/differential/share/differential/local_setup.dsv
[1.228s] -- Installing: /home/mekhyw/amr_ws/install/differential/share/differential/package.dsv
[1.228s] -- Installing: /home/mekhyw/amr_ws/install/differential/share/ament_index/resource_index/packages/differential
[1.228s] -- Installing: /home/mekhyw/amr_ws/install/differential/share/differential/cmake/differentialConfig.cmake
[1.228s] -- Installing: /home/mekhyw/amr_ws/install/differential/share/differential/cmake/differentialConfig-version.cmake
[1.228s] -- Installing: /home/mekhyw/amr_ws/install/differential/share/differential/package.xml
[1.230s] Invoked command in '/home/mekhyw/amr_ws/build/differential' returned '0': CMAKE_PREFIX_PATH=/opt/ros/foxy /usr/bin/cmake --install /home/mekhyw/amr_ws/build/differential
