[0.016s] Invoking command in '/home/mekhyw/amr_ws/build/robot_description': CMAKE_PREFIX_PATH=/opt/ros/foxy /usr/bin/cmake --build /home/mekhyw/amr_ws/build/robot_description -- -j16 -l16
[0.079s] Invoked command in '/home/mekhyw/amr_ws/build/robot_description' returned '0': CMAKE_PREFIX_PATH=/opt/ros/foxy /usr/bin/cmake --build /home/mekhyw/amr_ws/build/robot_description -- -j16 -l16
[0.088s] Invoking command in '/home/mekhyw/amr_ws/build/robot_description': CMAKE_PREFIX_PATH=/opt/ros/foxy /usr/bin/cmake --install /home/mekhyw/amr_ws/build/robot_description
[0.093s] -- Install configuration: ""
[0.094s] -- Up-to-date: /home/mekhyw/amr_ws/install/robot_description/share/robot_description//launch
[0.094s] -- Up-to-date: /home/mekhyw/amr_ws/install/robot_description/share/robot_description//launch/gazebo.launch.py
[0.094s] -- Up-to-date: /home/mekhyw/amr_ws/install/robot_description/share/robot_description//world
[0.095s] -- Up-to-date: /home/mekhyw/amr_ws/install/robot_description/share/robot_description//world/house
[0.095s] -- Up-to-date: /home/mekhyw/amr_ws/install/robot_description/share/ament_index/resource_index/package_run_dependencies/robot_description
[0.095s] -- Up-to-date: /home/mekhyw/amr_ws/install/robot_description/share/ament_index/resource_index/parent_prefix_path/robot_description
[0.097s] -- Up-to-date: /home/mekhyw/amr_ws/install/robot_description/share/robot_description/environment/ament_prefix_path.sh
[0.097s] -- Up-to-date: /home/mekhyw/amr_ws/install/robot_description/share/robot_description/environment/ament_prefix_path.dsv
[0.098s] -- Up-to-date: /home/mekhyw/amr_ws/install/robot_description/share/robot_description/environment/path.sh
[0.098s] -- Up-to-date: /home/mekhyw/amr_ws/install/robot_description/share/robot_description/environment/path.dsv
[0.099s] -- Up-to-date: /home/mekhyw/amr_ws/install/robot_description/share/robot_description/local_setup.bash
[0.099s] -- Up-to-date: /home/mekhyw/amr_ws/install/robot_description/share/robot_description/local_setup.sh
[0.099s] -- Up-to-date: /home/mekhyw/amr_ws/install/robot_description/share/robot_description/local_setup.zsh
[0.100s] -- Up-to-date: /home/mekhyw/amr_ws/install/robot_description/share/robot_description/local_setup.dsv
[0.100s] -- Installing: /home/mekhyw/amr_ws/install/robot_description/share/robot_description/package.dsv
[0.100s] -- Up-to-date: /home/mekhyw/amr_ws/install/robot_description/share/ament_index/resource_index/packages/robot_description
[0.100s] -- Up-to-date: /home/mekhyw/amr_ws/install/robot_description/share/robot_description/cmake/robot_descriptionConfig.cmake
[0.101s] -- Up-to-date: /home/mekhyw/amr_ws/install/robot_description/share/robot_description/cmake/robot_descriptionConfig-version.cmake
[0.101s] -- Up-to-date: /home/mekhyw/amr_ws/install/robot_description/share/robot_description/package.xml
[0.105s] Invoked command in '/home/mekhyw/amr_ws/build/robot_description' returned '0': CMAKE_PREFIX_PATH=/opt/ros/foxy /usr/bin/cmake --install /home/mekhyw/amr_ws/build/robot_description
