[0.017s] Invoking command in '/home/mekhyw/amr_ws/build/robot_description': CMAKE_PREFIX_PATH=/opt/ros/foxy /usr/bin/cmake --build /home/mekhyw/amr_ws/build/robot_description -- -j16 -l16
[0.062s] Invoked command in '/home/mekhyw/amr_ws/build/robot_description' returned '0': CMAKE_PREFIX_PATH=/opt/ros/foxy /usr/bin/cmake --build /home/mekhyw/amr_ws/build/robot_description -- -j16 -l16
[0.074s] Invoking command in '/home/mekhyw/amr_ws/build/robot_description': CMAKE_PREFIX_PATH=/opt/ros/foxy /usr/bin/cmake --install /home/mekhyw/amr_ws/build/robot_description
[0.080s] -- Install configuration: ""
[0.080s] -- Up-to-date: /home/mekhyw/amr_ws/install/robot_description/share/robot_description//launch
[0.080s] -- Up-to-date: /home/mekhyw/amr_ws/install/robot_description/share/robot_description//launch/gazebo.launch.py
[0.080s] -- Up-to-date: /home/mekhyw/amr_ws/install/robot_description/share/robot_description//world
[0.080s] -- Up-to-date: /home/mekhyw/amr_ws/install/robot_description/share/robot_description//world/house
[0.081s] -- Up-to-date: /home/mekhyw/amr_ws/install/robot_description/share/ament_index/resource_index/package_run_dependencies/robot_description
[0.081s] -- Up-to-date: /home/mekhyw/amr_ws/install/robot_description/share/ament_index/resource_index/parent_prefix_path/robot_description
[0.081s] -- Up-to-date: /home/mekhyw/amr_ws/install/robot_description/share/robot_description/environment/ament_prefix_path.sh
[0.081s] -- Up-to-date: /home/mekhyw/amr_ws/install/robot_description/share/robot_description/environment/ament_prefix_path.dsv
[0.082s] -- Up-to-date: /home/mekhyw/amr_ws/install/robot_description/share/robot_description/environment/path.sh
[0.082s] -- Up-to-date: /home/mekhyw/amr_ws/install/robot_description/share/robot_description/environment/path.dsv
[0.082s] -- Up-to-date: /home/mekhyw/amr_ws/install/robot_description/share/robot_description/local_setup.bash
[0.082s] -- Up-to-date: /home/mekhyw/amr_ws/install/robot_description/share/robot_description/local_setup.sh
[0.082s] -- Up-to-date: /home/mekhyw/amr_ws/install/robot_description/share/robot_description/local_setup.zsh
[0.082s] -- Up-to-date: /home/mekhyw/amr_ws/install/robot_description/share/robot_description/local_setup.dsv
[0.082s] -- Up-to-date: /home/mekhyw/amr_ws/install/robot_description/share/robot_description/package.dsv
[0.083s] -- Up-to-date: /home/mekhyw/amr_ws/install/robot_description/share/ament_index/resource_index/packages/robot_description
[0.083s] -- Up-to-date: /home/mekhyw/amr_ws/install/robot_description/share/robot_description/cmake/robot_descriptionConfig.cmake
[0.083s] -- Up-to-date: /home/mekhyw/amr_ws/install/robot_description/share/robot_description/cmake/robot_descriptionConfig-version.cmake
[0.083s] -- Up-to-date: /home/mekhyw/amr_ws/install/robot_description/share/robot_description/package.xml
[0.084s] Invoked command in '/home/mekhyw/amr_ws/build/robot_description' returned '0': CMAKE_PREFIX_PATH=/opt/ros/foxy /usr/bin/cmake --install /home/mekhyw/amr_ws/build/robot_description
