[0.009s] Invoking command in '/home/mekhyw/amr_ws/build/robot_description': CMAKE_PREFIX_PATH=/opt/ros/foxy /usr/bin/cmake /home/mekhyw/amr_ws/src/robot_description -DCMAKE_INSTALL_PREFIX=/home/mekhyw/amr_ws/install/robot_description
[0.416s] -- The C compiler identification is GNU 9.4.0
[0.862s] -- The CXX compiler identification is GNU 9.4.0
[1.054s] -- Check for working C compiler: /usr/bin/cc
[1.255s] -- Check for working C compiler: /usr/bin/cc -- works
[1.258s] -- Detecting C compiler ABI info
[1.442s] -- Detecting C compiler ABI info - done
[1.451s] -- Detecting C compile features
[1.452s] -- Detecting C compile features - done
[1.456s] -- Check for working CXX compiler: /usr/bin/c++
[1.651s] -- Check for working CXX compiler: /usr/bin/c++ -- works
[1.652s] -- Detecting CXX compiler ABI info
[1.840s] -- Detecting CXX compiler ABI info - done
[1.849s] -- Detecting CXX compile features
[1.849s] -- Detecting CXX compile features - done
[1.866s] -- Found ament_cmake: 0.9.12 (/opt/ros/foxy/share/ament_cmake/cmake)
[1.890s] -- Found PythonInterp: /usr/bin/python3 (found suitable version "3.8.10", minimum required is "3") 
[1.890s] -- Using PYTHON_EXECUTABLE: /usr/bin/python3
[2.066s] -- Found ament_lint_auto: 0.9.8 (/opt/ros/foxy/share/ament_lint_auto/cmake)
[2.140s] -- Added test 'copyright' to check source files copyright and LICENSE
[2.142s] -- Added test 'flake8' to check Python code syntax and style conventions
[2.142s] -- Added test 'lint_cmake' to check CMake code style
[2.143s] -- Added test 'pep257' to check Python code against some of the style conventions in PEP 257
[2.145s] -- Added test 'xmllint' to check XML markup files
[2.148s] -- Configuring done
[2.149s] -- Generating done
[2.150s] -- Build files have been written to: /home/mekhyw/amr_ws/build/robot_description
[2.154s] Invoked command in '/home/mekhyw/amr_ws/build/robot_description' returned '0': CMAKE_PREFIX_PATH=/opt/ros/foxy /usr/bin/cmake /home/mekhyw/amr_ws/src/robot_description -DCMAKE_INSTALL_PREFIX=/home/mekhyw/amr_ws/install/robot_description
[2.156s] Invoking command in '/home/mekhyw/amr_ws/build/robot_description': CMAKE_PREFIX_PATH=/opt/ros/foxy /usr/bin/cmake --build /home/mekhyw/amr_ws/build/robot_description -- -j16 -l16
[2.183s] Invoked command in '/home/mekhyw/amr_ws/build/robot_description' returned '0': CMAKE_PREFIX_PATH=/opt/ros/foxy /usr/bin/cmake --build /home/mekhyw/amr_ws/build/robot_description -- -j16 -l16
[2.193s] Invoking command in '/home/mekhyw/amr_ws/build/robot_description': CMAKE_PREFIX_PATH=/opt/ros/foxy /usr/bin/cmake --install /home/mekhyw/amr_ws/build/robot_description
[2.199s] -- Install configuration: ""
[2.199s] -- Installing: /home/mekhyw/amr_ws/install/robot_description/share/robot_description//launch
[2.199s] -- Installing: /home/mekhyw/amr_ws/install/robot_description/share/robot_description//launch/gazebo.launch.py
[2.199s] -- Installing: /home/mekhyw/amr_ws/install/robot_description/share/robot_description//world
[2.199s] -- Installing: /home/mekhyw/amr_ws/install/robot_description/share/robot_description//world/house
[2.200s] -- Installing: /home/mekhyw/amr_ws/install/robot_description/share/ament_index/resource_index/package_run_dependencies/robot_description
[2.200s] -- Installing: /home/mekhyw/amr_ws/install/robot_description/share/ament_index/resource_index/parent_prefix_path/robot_description
[2.200s] -- Installing: /home/mekhyw/amr_ws/install/robot_description/share/robot_description/environment/ament_prefix_path.sh
[2.200s] -- Installing: /home/mekhyw/amr_ws/install/robot_description/share/robot_description/environment/ament_prefix_path.dsv
[2.201s] -- Installing: /home/mekhyw/amr_ws/install/robot_description/share/robot_description/environment/path.sh
[2.201s] -- Installing: /home/mekhyw/amr_ws/install/robot_description/share/robot_description/environment/path.dsv
[2.201s] -- Installing: /home/mekhyw/amr_ws/install/robot_description/share/robot_description/local_setup.bash
[2.201s] -- Installing: /home/mekhyw/amr_ws/install/robot_description/share/robot_description/local_setup.sh
[2.201s] -- Installing: /home/mekhyw/amr_ws/install/robot_description/share/robot_description/local_setup.zsh
[2.201s] -- Installing: /home/mekhyw/amr_ws/install/robot_description/share/robot_description/local_setup.dsv
[2.201s] -- Installing: /home/mekhyw/amr_ws/install/robot_description/share/robot_description/package.dsv
[2.202s] -- Installing: /home/mekhyw/amr_ws/install/robot_description/share/ament_index/resource_index/packages/robot_description
[2.202s] -- Installing: /home/mekhyw/amr_ws/install/robot_description/share/robot_description/cmake/robot_descriptionConfig.cmake
[2.202s] -- Installing: /home/mekhyw/amr_ws/install/robot_description/share/robot_description/cmake/robot_descriptionConfig-version.cmake
[2.202s] -- Installing: /home/mekhyw/amr_ws/install/robot_description/share/robot_description/package.xml
[2.204s] Invoked command in '/home/mekhyw/amr_ws/build/robot_description' returned '0': CMAKE_PREFIX_PATH=/opt/ros/foxy /usr/bin/cmake --install /home/mekhyw/amr_ws/build/robot_description
